<testsuite hostname="Sharda-PC" name="test.ApplicationSpec" tests="5" errors="2" failures="2" skipped="0" time="1.854">
        <properties>
[...]
</properties>
        <testcase name="Application should::shorten a url" classname="test.ApplicationSpec" time="0.237">
        <error message="None.get" type="java.util.NoSuchElementException">controllers.Application$$anonfun$shorten$1.apply(Application.scala:33)
controllers.Application$$anonfun$shorten$1.apply(Application.scala:32)
play.api.mvc.ActionBuilder$$anonfun$apply$10.apply(Action.scala:221)
play.api.mvc.ActionBuilder$$anonfun$apply$10.apply(Action.scala:220)
play.api.mvc.Action$.invokeBlock(Action.scala:357)
play.api.mvc.ActionBuilder$$anon$1.apply(Action.scala:309)
play.api.mvc.Action$$anonfun$apply$1$$anonfun$apply$4$$anonfun$apply$5.apply(Action.scala:109)
play.api.mvc.Action$$anonfun$apply$1$$anonfun$apply$4$$anonfun$apply$5.apply(Action.scala:109)
play.utils.Threads$.withContextClassLoader(Threads.scala:18)
play.api.mvc.Action$$anonfun$apply$1$$anonfun$apply$4.apply(Action.scala:108)
play.api.mvc.Action$$anonfun$apply$1$$anonfun$apply$4.apply(Action.scala:107)
play.api.mvc.Action$$anonfun$apply$1.apply(Action.scala:107)
play.api.mvc.Action$$anonfun$apply$1.apply(Action.scala:100)
play.api.libs.iteratee.Iteratee$$anonfun$mapM$1.apply(Iteratee.scala:481)
play.api.libs.iteratee.Iteratee$$anonfun$mapM$1.apply(Iteratee.scala:481)
play.api.libs.iteratee.Iteratee$$anonfun$flatMapM$1.apply(Iteratee.scala:517)
play.api.libs.iteratee.Iteratee$$anonfun$flatMapM$1.apply(Iteratee.scala:517)
play.api.libs.iteratee.Iteratee$$anonfun$flatMap$1$$anonfun$apply$14.apply(Iteratee.scala:494)
play.api.libs.iteratee.Iteratee$$anonfun$flatMap$1$$anonfun$apply$14.apply(Iteratee.scala:494)
akka.dispatch.TaskInvocation.run(AbstractDispatcher.scala:42)
akka.dispatch.ForkJoinExecutorConfigurator$AkkaForkJoinTask.exec(AbstractDispatcher.scala:386)</error>
      </testcase><testcase name="Application should::return an already existing url id" classname="test.ApplicationSpec" time="0.047">
        <error message="None.get" type="java.util.NoSuchElementException">controllers.Application$$anonfun$shorten$1.apply(Application.scala:33)
controllers.Application$$anonfun$shorten$1.apply(Application.scala:32)
play.api.mvc.ActionBuilder$$anonfun$apply$10.apply(Action.scala:221)
play.api.mvc.ActionBuilder$$anonfun$apply$10.apply(Action.scala:220)
play.api.mvc.Action$.invokeBlock(Action.scala:357)
play.api.mvc.ActionBuilder$$anon$1.apply(Action.scala:309)
play.api.mvc.Action$$anonfun$apply$1$$anonfun$apply$4$$anonfun$apply$5.apply(Action.scala:109)
play.api.mvc.Action$$anonfun$apply$1$$anonfun$apply$4$$anonfun$apply$5.apply(Action.scala:109)
play.utils.Threads$.withContextClassLoader(Threads.scala:18)
play.api.mvc.Action$$anonfun$apply$1$$anonfun$apply$4.apply(Action.scala:108)
play.api.mvc.Action$$anonfun$apply$1$$anonfun$apply$4.apply(Action.scala:107)
play.api.mvc.Action$$anonfun$apply$1.apply(Action.scala:107)
play.api.mvc.Action$$anonfun$apply$1.apply(Action.scala:100)
play.api.libs.iteratee.Iteratee$$anonfun$mapM$1.apply(Iteratee.scala:481)
play.api.libs.iteratee.Iteratee$$anonfun$mapM$1.apply(Iteratee.scala:481)
play.api.libs.iteratee.Iteratee$$anonfun$flatMapM$1.apply(Iteratee.scala:517)
play.api.libs.iteratee.Iteratee$$anonfun$flatMapM$1.apply(Iteratee.scala:517)
play.api.libs.iteratee.Iteratee$$anonfun$flatMap$1$$anonfun$apply$14.apply(Iteratee.scala:494)
play.api.libs.iteratee.Iteratee$$anonfun$flatMap$1$$anonfun$apply$14.apply(Iteratee.scala:494)
akka.dispatch.TaskInvocation.run(AbstractDispatcher.scala:42)
akka.dispatch.ForkJoinExecutorConfigurator$AkkaForkJoinTask.exec(AbstractDispatcher.scala:386)</error>
      </testcase><testcase name="Application should::redirect to url" classname="test.ApplicationSpec" time="0.289">
        <failure message="'Some(http://www.google.com)' is not equal to 'Some(http://netflix.com)'" type="java.lang.Exception">test.ApplicationSpec$$anonfun$2$$anonfun$apply$25$$anonfun$apply$26.apply(ApplicationSpec.scala:89)
test.ApplicationSpec$$anonfun$2$$anonfun$apply$25$$anonfun$apply$26.apply(ApplicationSpec.scala:85)
play.api.test.PlayRunners$class.running(Helpers.scala:45)
play.api.test.Helpers$.running(Helpers.scala:364)
test.ApplicationSpec$$anonfun$2$$anonfun$apply$25.apply(ApplicationSpec.scala:85)
test.ApplicationSpec$$anonfun$2$$anonfun$apply$25.apply(ApplicationSpec.scala:85)</failure>
      </testcase><testcase name="Application should::send 404 on a bad request" classname="test.ApplicationSpec" time="1.170">
        
      </testcase><testcase name="Application should::render the index page" classname="test.ApplicationSpec" time="0.108">
        <failure message="'



&lt;!DOCTYPE html&gt;

&lt;html&gt;
    &lt;head&gt;
    	&lt;meta charset=&quot;UTF-8&quot;&gt;
    	&lt;meta name=&quot;description&quot; content=&quot;Orle.in is a URL shortner that allows you to shorten and share links easily.&quot;&gt;		
		&lt;meta itemprop=&quot;image&quot; content=&quot;/images/grle-favicon.png&quot;&gt;
        &lt;title&gt;orle.in&lt;/title&gt;
        
        &lt;link rel=&quot;stylesheet&quot; media=&quot;screen&quot; href=&quot;/assets/stylesheets/main.css&quot;&gt;
        &lt;link rel=&quot;stylesheet&quot; media=&quot;screen&quot; href=&quot;/assets/fonts/typicons-2-0/font/typicons.min.css&quot;&gt;
        &lt;link rel=&quot;stylesheet&quot; media=&quot;screen&quot; href=&quot;/assets/stylesheets/liveurl.css&quot;&gt;
        
        &lt;link rel=&quot;shortcut icon&quot; type=&quot;image/png&quot; href=&quot;/assets/images/grle-favicon.png&quot;&gt;
        
        &lt;script src=&quot;/assets/javascripts/jquery-1.9.0.min.js&quot; type=&quot;text/javascript&quot;&gt;&lt;/script&gt;
        &lt;script src=&quot;/assets/javascripts/spin.min.js&quot; type=&quot;text/javascript&quot;&gt;&lt;/script&gt;
        &lt;script src=&quot;/assets/javascripts/jquery.liveurl.js&quot; type=&quot;text/javascript&quot;&gt;&lt;/script&gt;
    &lt;/head&gt;
    &lt;body&gt;
    	&lt;header&gt;
    		&lt;img src=&quot;/assets/images/grle-logo-small.png&quot;/&gt;    		
    		 orle.in
    		 &lt;sup&gt;alpha&lt;/sup&gt;   		    				
    	&lt;/header&gt;
            
    &lt;section class=&quot;mainContent&quot;&gt;    	 
    	
    	&lt;div class=&quot;urlInput&quot;&gt;
    		&lt;div class=&quot;inputgroup&quot;&gt;
    			&lt;input type=&quot;text&quot; id=&quot;urlInput&quot; class=&quot;input-text&quot; placeholder=&quot;Have a long URL to share? Paste it, shorten it and share it!&quot;&gt;
    			&lt;button id=&quot;clearinput&quot; class=&quot;cancel typcn typcn-delete&quot; /&gt;
    		&lt;/div&gt;    		    	
    		
    		&lt;div id=&quot;customcode&quot; class=&quot;customcode&quot;&gt;
    			Get a custom tag (optional): &lt;span class=&quot;customtagurl&quot;&gt;http://orle.in/_&lt;/span&gt;
    			&lt;input type=&quot;text&quot; id=&quot;customcodeinput&quot; class=&quot;customcodeinput&quot; placeholder=&quot;Tag with letters, numbers or underscores.&quot; &gt;
    		&lt;/div&gt;
    		
    		&lt;button class= &quot;myButton&quot; id=&quot;shortenButton&quot; shortenURL=&quot;/shorten&quot;&gt;Shorten&lt;/button&gt;
    	&lt;/div&gt;    
    	
    	&lt;div class=&quot;shortinfo&quot; id=&quot;shortinfo&quot;&gt;
    		&lt;div class=&quot;shortdetails&quot; id=&quot;shortdetails&quot;&gt;
	   			&lt;div class=&quot;shortenedURL&quot; id=&quot;shortenedURL&quot;&gt;&lt;/div&gt;  
	   			&lt;div class=&quot;totalClicks&quot; id=&quot;totalClicks&quot;&gt;&lt;/div&gt;
	   		&lt;/div&gt;
    		&lt;div class=&quot;error&quot; id=&quot;orleerror&quot;&gt;&lt;/div&gt;
    		
	   		
	   		&lt;div id=&quot;shareMainDiv&quot;&gt;&lt;/div&gt;
	   		
	   		
	   		 		
	    	&lt;div id=&quot;shortText&quot; shortText=&quot;&quot;&gt;&lt;/div&gt;
	    	&lt;div id=&quot;clicksText&quot; clicksText=&quot;Clicks so far:&quot;&gt;&lt;/div&gt;
	    	&lt;div id=&quot;shareittext&quot; data=&quot;application.shareit&quot;&gt;&lt;/div&gt;
	    	&lt;div id=&quot;orledomain&quot; data=localhost:9000&gt;&lt;/div&gt;
	    	&lt;div id=&quot;domainerrortext&quot; orledomainerror=&quot;You cannot shorten an orle.in link.&quot; invalidurlerror=&quot;That is not a valid URL. Try again.&quot; invalidcustomcode=&quot;Custom tags can contain only letters, digits and underscores and must be at least 5 characters long.&quot;&lt;/div&gt;
	
	   		
	   		&lt;textarea id=&quot;urlpreviewtrigger&quot; class=&quot;hidden&quot;&gt;&lt;/textarea&gt;
	    	&lt;div class=&quot;liveurl-loader&quot;&gt;&lt;/div&gt;
	    	
	    	&lt;div class=&quot;liveurl&quot;&gt;
	            &lt;div class=&quot;close hidden&quot; title=&quot;Close&quot;&gt;&lt;/div&gt;
	            &lt;div class=&quot;inner&quot;&gt;
	                &lt;div class=&quot;image&quot;&gt; &lt;/div&gt;
	                &lt;div class=&quot;details&quot;&gt;
	                    &lt;div class=&quot;info&quot;&gt;
	                        &lt;div class=&quot;title&quot;&gt; &lt;/div&gt;
	                        &lt;div class=&quot;description&quot;&gt; &lt;/div&gt; 
	                        &lt;div class=&quot;url&quot;&gt; &lt;/div&gt;
	                    &lt;/div&gt;
	                &lt;/div&gt;
	                &lt;div id=&quot;qrcode&quot; class=&quot;qrcode&quot;&gt;&lt;/div&gt;
	            &lt;/div&gt;
	            
	        &lt;/div&gt;	
	        
	        
        &lt;/div&gt;
    	
    &lt;/section&gt;
    
    &lt;script&gt;
    var previousShortenedURL = &quot;&quot;;
    $(document).ready(function() {
    	$(&quot;#urlInput&quot;).keypress(
    		function(event) {
    			if (event.keyCode == 13) {
    				shortenURL();
    			}
    		});
    	$(&quot;#clearinput&quot;).click(function (){
    		$(&quot;#urlInput&quot;).val('');
    		$(&quot;#customcodeinput&quot;).val('');
    		$(&quot;#urlpreviewtrigger&quot;).val('');
    		$(&quot;#shortinfo&quot;).hide();
    		$('.close').trigger('click');
    		previousShortenedURL=&quot;&quot;;
    	});
    	
    	$(&quot;#orleerror&quot;).hide();
    	$(&quot;#shortenedURL&quot;).hide();
    	$(&quot;#shortdetails&quot;).hide();

    	//attach url preview to text area. 
    	var curImages = new Array();

    	$(&quot;#urlpreviewtrigger&quot;).liveUrl({
    						loadStart : function() {
    							$('.liveurl-loader').show();
    						},
    						loadEnd : function() {
    							$('.liveurl-loader').hide();
    						},
    						success : function(data) {
    							var output = $('.liveurl');
    							output.find('.title').text(data.title);
    							output.find('.description').text(data.description);
    							output.find('.url').text(data.url);
    							output.find('.image').empty();
    							output.find('.close').one('click',
    											function() {
    												var liveUrl = $(this).parent();
    												liveUrl.hide('fast');
    												liveUrl.find('.video').html('').hide();
    												liveUrl.find('.image').html('');
    												liveUrl.find('.image').hide();
    												$('textarea').trigger('clear');
    												curImages = new Array();
    											});
    							output.show('fast');
    						},
    						addImage : function(image) {
    							var output = $('.liveurl');
    							var jqImage = $(image);
    							jqImage.attr('alt','Preview');

    							if ((image.width / image.height) &gt; 7
    									|| (image.height / image.width) &gt; 4) {
    								// we dont want extra large images...
    								return false;
    							}

    							curImages.push(jqImage.attr('src'));
    							output.find('.image').append(jqImage);

    							if (curImages.length == 1) {
    								// first image...
    								output.find('.image').show();
    								jqImage.addClass('active');
    							}

    							if (curImages.length == 2) {
    								output.find('.controls .next').removeClass('inactive');
    							}
    						}
    					});

    })

    $(&quot;#shortenButton&quot;).click(function() {	
    	shortenURL();
    	
    });

    					

    function shortenURL() {
    	if ($(&quot;#urlInput&quot;).val()) {
    	var opts = {
    		lines : 7, // The number of lines to draw
    		length : 0, // The length of each line
    		width : 10, // The line thickness
    		radius : 11, // The radius of the inner circle
    		corners : 1, // Corner roundness (0..1)
    		rotate : 0, // The rotation offset
    		direction : 1, // 1: clockwise, -1: counterclockwise
    		color : '#000', // #rgb or #rrggbb or array of colors
    		speed : 1, // Rounds per second
    		trail : 24, // Afterglow percentage
    		shadow : false, // Whether to render a shadow
    		hwaccel : false, // Whether to use hardware acceleration
    		className : 'spinner', // The CSS class to assign to the spinner
    		zIndex : 2e9, // The z-index (defaults to 2000000000)
    		top : 'auto', // Top position relative to parent in px
    		left : 'auto' // Left position relative to parent in px
    	};

    	var urlToShorten = $(&quot;#urlInput&quot;).val();
    	

    	//check if the url has http:// or https:// at the beginning. If not, pre-pend http:// by default.
    	var httpsubstring = urlToShorten.substring(0, 7);
    	var httpssubstring = urlToShorten.substring(0, 8);

    	if (httpsubstring !== &quot;http://&quot;
    			&amp;&amp; httpssubstring !== &quot;https://&quot;) {
    		urlToShorten = &quot;http://&quot; + urlToShorten;
    	}

    	//verify if the URL is safe it's posted back to generate a short url.
    	var orledomain = $(&quot;#orledomain&quot;).attr(&quot;data&quot;);

    	if(urlToShorten.toLowerCase().indexOf(orledomain) &gt;=0){
    		var errortext = $(&quot;#domainerrortext&quot;).attr(&quot;orledomainerror&quot;);
    		$(&quot;#orleerror&quot;).text(errortext);
    		$(&quot;#shortinfo&quot;).show();
    		$(&quot;#orleerror&quot;).show();
    		$(&quot;#shortdetails&quot;).hide();																
    		$(&quot;#urlpreviewtrigger&quot;).val('');
    		$(&quot;#shareMainDiv&quot;).hide();
    		previousShortenedURL = &quot;&quot;;
    		$(&quot;#urlpreviewtrigger&quot;).val('');
    		$(&quot;#urlpreviewtrigger&quot;).trigger('change');
    		$('.close').trigger('click');
    		$(&quot;#qrcodeimage&quot;).remove();
    		return;
    	}

    	var links = $.urlHelper.getLinks(urlToShorten);
    	if(links === null){
    		var errortext = $(&quot;#domainerrortext&quot;).attr(&quot;invalidurlerror&quot;);
    		$(&quot;#orleerror&quot;).text(errortext);
    		$(&quot;#shortinfo&quot;).show();
    		$(&quot;#orleerror&quot;).show();
    		$(&quot;#shortdetails&quot;).hide();																
    		$(&quot;#urlpreviewtrigger&quot;).val('');
    		$(&quot;#shareMainDiv&quot;).hide();
    		previousShortenedURL = &quot;&quot;;
    		$(&quot;#urlpreviewtrigger&quot;).val('');
    		$(&quot;#urlpreviewtrigger&quot;).trigger('change');
    		$('.close').trigger('click');
    		$(&quot;#qrcodeimage&quot;).remove();
    		return;
    	}

    	var customCode = $(&quot;#customcodeinput&quot;).val();
    	var chk = (/([A-Za-z0-9\_]{1,})/.test(customCode));
    	
    	if(customCode !== &quot;&quot; &amp;&amp; !chk){
    		var errortext = $(&quot;#domainerrortext&quot;).attr(&quot;invalidcustomcode&quot;);
    		$(&quot;#orleerror&quot;).text(errortext);
    		$(&quot;#shortinfo&quot;).show();
    		$(&quot;#orleerror&quot;).show();
    		$(&quot;#shortdetails&quot;).hide();																
    		$(&quot;#urlpreviewtrigger&quot;).val('');
    		$(&quot;#shareMainDiv&quot;).hide();
    		previousShortenedURL = &quot;&quot;;
    		$(&quot;#urlpreviewtrigger&quot;).val('');
    		$(&quot;#urlpreviewtrigger&quot;).trigger('change');
    		$('.close').trigger('click');
    		$(&quot;#qrcodeimage&quot;).remove();
    		return;
    	}
        //We append a &quot;_&quot; to custom code supplied by user, to avoid conflict with the id generated by Base62Counter. Hence a GET should also search for the custom code with a &quot;_&quot; appended.
    	if(customCode !== &quot;&quot;) {
        	 customCode = &quot;_&quot; + customCode;
    	}
    	
    	if (urlToShorten !== previousShortenedURL &amp;&amp; links !== null) {
    		$(&quot;#orleerror&quot;).hide();
    		$(&quot;#shortdetails&quot;).show();
    		$(&quot;#shareMainDiv&quot;).show();
    		$(&quot;#shortenedURL&quot;).html('');
    		$(&quot;#totalClicks&quot;).html('');
    		$(&quot;#urlpreviewtrigger&quot;).val('');
    		$('.close').trigger('click');
    		$(&quot;#qrcodeimage&quot;).remove();

    		var target = document
    				.getElementById('shortenedURL');
    		var spinner = new Spinner(opts).spin(target);
    		//target.appendChild(spinner.el);

    		var shortenURLPostBack = $(&quot;#shortenButton&quot;).attr(&quot;shortenURL&quot;);

    		previousShortenedURL = urlToShorten;

    		setTimeout(function() {
    		}, 5000);

    		var getUrl = false;
    		var dataToSend = new Object();
    		dataToSend.urlToShorten = urlToShorten;
    		dataToSend.customCode = customCode;
    		
    		//START NEXT AJAX CALL TO POST LONG URL BACK
    		var hello = &quot;hello&quot;;
    			$.ajax({
    					type : &quot;POST&quot;,
    					url : shortenURLPostBack,
    					data : JSON.stringify(dataToSend),
    					dataType : &quot;json&quot;,
    					contentType : &quot;application/json; charset=utf-8&quot;,
    					success : function(data) {
    						$(&quot;#shortinfo&quot;).show();
    						var link = data.url;
    						var error = data.error;
    						if(error != &quot;&quot;) {
    							$(&quot;#orleerror&quot;).text(error);
    				    		$(&quot;#orleerror&quot;).show();
    						}
        						
    						var pointsto = data.pointsto;
    	
    						var shortText = $(&quot;#shortText&quot;).attr(&quot;shortText&quot;);
    						var clicksText = $(&quot;#clicksText&quot;).attr(&quot;clicksText&quot;);
    	
    						//reset the text and remove the previous share buttons
    						$(&quot;#shortdetails&quot;).show();
    						$(&quot;#shortenedURL&quot;).show();
    						
    						$(&quot;#shortenedURL&quot;).html(shortText + &quot; &quot;);
    	
    						$(&quot;#sharerdiv&quot;).remove();
    	
    						var a = $('&lt;div /&gt;');
    						//a.attr('href', link);
    						//a.attr('target', '_blank');
    						$(&quot;#shortenedURL&quot;).text(link);
    						//$(&quot;#shortenedURL&quot;).append(a);
    	
    						var openLinkButton = $('&lt;a /&gt;');																
    						openLinkButton.attr('id', 'openLinkButton');
    						openLinkButton.attr('class', 'util typcn typcn-export');
    						openLinkButton.attr('title', 'Open link');
    						openLinkButton.attr('href', link);
    						openLinkButton.attr('target', '_blank');
    						$(&quot;#shortenedURL&quot;).append(openLinkButton);
    						
    						//var openLinkButton = $('&lt;button /&gt;');
    						//openLinkButton.attr('id', 'openlinkbutton');
    						//openLinkButton.attr('class', 'util typcn typcn-export-outline');
    						//$(&quot;#shortenedURL&quot;).append(openLinkButton);		
    	
    						var totalClicks = data.clicks;
    						$(&quot;#totalClicks&quot;).html(clicksText + &quot; &quot;+ totalClicks);
    	
    						//generate preview of the url		
    						//update the value of the text area to trigger preview
    						$(&quot;#urlpreviewtrigger&quot;).val(urlToShorten);
    						$(&quot;#urlpreviewtrigger&quot;).trigger('change');
    						//end of preview.
    						
    						//qrcode image
    						var qrcodeimage = $('&lt;img /&gt;');
    						var qrcodeurl = &quot;https://chart.googleapis.com/chart?cht=qr&amp;choe=UTF-8&amp;chs=177x177&amp;chl=&quot;+link;
    						qrcodeimage.attr('id', &quot;qrcodeimage&quot;);
    						qrcodeimage.attr('src', qrcodeurl);
    						qrcodeimage.attr('alt', &quot;qrcode&quot;);
    	
    						$(&quot;#qrcode&quot;).append(qrcodeimage);
    						$(&quot;#qrcodeimage&quot;).show();
    	
    						//facebook share
    						var sharerDiv = $('&lt;div /&gt;');
    						sharerDiv.attr(&quot;id&quot;,&quot;sharerdiv&quot;);
    						sharerDiv.attr(&quot;class&quot;, &quot;sharerdiv&quot;);
    	
    						$(&quot;#shareMainDiv&quot;).append(sharerDiv);
    	
    						var facebookLink = $('&lt;button /&gt;'); 
    						facebookLink.attr(&quot;class&quot;,&quot;share typcn typcn-social-facebook&quot;);
    						facebookLink.attr(&quot;id&quot;,&quot;facebooksharebutton&quot;);
    						facebookLink.click(function() {
    									window.open('https://www.facebook.com/sharer/sharer.php?u='+ encodeURIComponent(link),'_blank');
    									return false;
    								});
    						//facebookLink.html(&quot;f&quot;);
    	
    						//twitter share
    						var twitterLink = $('&lt;button /&gt;');
    						twitterLink.attr(&quot;class&quot;,&quot;share typcn typcn-social-twitter&quot;);
    						twitterLink.attr(&quot;id&quot;, &quot;twittersharebutton&quot;);
    						twitterLink.click(function() {
    							window.open('http://twitter.com/share?text='+ link +&quot;&amp;url=&quot;,'_blank');
    							return false;
    	
    						});
    						//twitterLink.html(&quot;t&quot;);
    	
    						//google+ share
    						var googleLink = $('&lt;button /&gt;');
    						googleLink.attr(&quot;class&quot;,&quot;share google&quot;);
    						googleLink.attr(&quot;id&quot;, &quot;googlesharebutton&quot;);
    						googleLink.click(function() {
    									window.open('https://plus.google.com/share?url='+ encodeURIComponent(link),'_blank');
    									return false;
    	
    								});
    						googleLink.html(&quot;g+&quot;);
    	
    						$(&quot;#sharerdiv&quot;).append(facebookLink);
    						$(&quot;#sharerdiv&quot;).append(twitterLink);
    						$(&quot;#sharerdiv&quot;).append(googleLink);
    	
    					},
    					error : function(xhr) {
    						$(&quot;#shortdetails&quot;).hide();
    						$(&quot;#shortinfo&quot;).show();
    						$(&quot;#shortenedURL&quot;).hide();
    						$(&quot;#orleerror&quot;).text(xhr.responseText);
    						$(&quot;#orleerror&quot;).show();
    								
    						$(&quot;#sharerdiv&quot;).remove();
    						previousShortenedURL = &quot;&quot;;
    					}
    			});
    		//END AJAX CALL TO POST LONG URL BACK
    		}
    	}
    }
    &lt;/script&gt;   

        
        &lt;footer&gt;
        	Copyright © 2013, orle.in
        	
        &lt;/footer&gt;
    &lt;/body&gt;
&lt;/html&gt;



' doesn't contain 'Shorten your URLs'" type="java.lang.Exception">test.ApplicationSpec$$anonfun$2$$anonfun$apply$13$$anonfun$apply$14.apply(ApplicationSpec.scala:41)
test.ApplicationSpec$$anonfun$2$$anonfun$apply$13$$anonfun$apply$14.apply(ApplicationSpec.scala:36)
play.api.test.PlayRunners$class.running(Helpers.scala:45)
play.api.test.Helpers$.running(Helpers.scala:364)
test.ApplicationSpec$$anonfun$2$$anonfun$apply$13.apply(ApplicationSpec.scala:36)
test.ApplicationSpec$$anonfun$2$$anonfun$apply$13.apply(ApplicationSpec.scala:36)</failure>
      </testcase>
        <system-out></system-out>
        <system-err></system-err>
      </testsuite>