<?xml version='1.0' encoding='UTF-8'?>
<testsuite hostname="Sharda-PC" name="controllerTests.Base62CounterTest" tests="6" errors="0" failures="0" time="0.019">
        <properties>
[...]
</properties>
        <testcase classname="controllerTests.Base62CounterTest" name="The counter must be initialized to empty string in the beginning" time="0.0">
      
    </testcase><testcase classname="controllerTests.Base62CounterTest" name="The counter must increment to 0 on first call to increment" time="0.0">
      
    </testcase><testcase classname="controllerTests.Base62CounterTest" name="The counter must increment to 1 on second call to increment" time="0.0">
      
    </testcase><testcase classname="controllerTests.Base62CounterTest" name="The counter must initialize to A when A is passed as initial value" time="0.0">
      
    </testcase><testcase classname="controllerTests.Base62CounterTest" name="The counter must incrememnt to B on next call to increment" time="0.0">
      
    </testcase><testcase classname="controllerTests.Base62CounterTest" name="The counter must throw an IllegalArgumentException if initialized to null or empty" time="0.0">
      
    </testcase>
        <system-out>
          
        </system-out>
        <system-err>
          
        </system-err>
      </testsuite>